2019-09-24 20:19:16.194 - info: 获取参数： {"hostName":"www.haier.com"} module=app:screenshot
2019-09-24 20:19:16.195 - info: 正在获取页面信息.. module=app:screenshot
2019-09-24 20:19:19.532 - info: 开始截图.. module=app:screenshot
2019-09-24 20:19:19.774 - info: 完成截图.. module=app:screenshot
2019-09-24 20:19:19.794 - info: done! module=app:screenshot
2019-09-24 20:19:19.800 - info: 获取参数： {"hostName":"www.haier.com"} module=app:screenshot
2019-09-24 20:19:19.800 - info: 正在获取页面信息.. module=app:screenshot
2019-09-24 20:19:21.686 - info: 开始截图.. module=app:screenshot
2019-09-24 20:19:21.955 - info: 完成截图.. module=app:screenshot
2019-09-24 20:19:21.990 - info: done! module=app:screenshot
2019-09-24 20:19:21.993 - info: 获取参数： {"hostName":"www.haier.com"} module=app:screenshot
2019-09-24 20:19:21.994 - info: 正在获取页面信息.. module=app:screenshot
2019-09-24 20:19:24.073 - info: 开始截图.. module=app:screenshot
2019-09-24 20:19:24.322 - info: 完成截图.. module=app:screenshot
2019-09-24 20:19:24.334 - info: done! module=app:screenshot
2019-09-24 20:19:24.337 - info: 获取参数： {"hostName":"www.haier.com"} module=app:screenshot
2019-09-24 20:19:24.338 - info: 正在获取页面信息.. module=app:screenshot
2019-09-24 20:19:26.233 - info: 开始截图.. module=app:screenshot
2019-09-24 20:19:26.490 - info: 完成截图.. module=app:screenshot
2019-09-24 20:19:26.511 - info: done! module=app:screenshot
2019-09-24 20:19:39.876 - info: 获取参数： {"hostName":"www.haier.com"} module=app:screenshot
2019-09-24 20:19:39.876 - info: 正在获取页面信息.. module=app:screenshot
2019-09-24 20:19:40.366 - info: 获取参数： {"hostName":"www.haier.com"} module=app:screenshot
2019-09-24 20:19:40.367 - info: 正在获取页面信息.. module=app:screenshot
2019-09-24 20:19:42.362 - info: 开始截图.. module=app:screenshot
2019-09-24 20:19:42.600 - info: 完成截图.. module=app:screenshot
2019-09-24 20:19:42.615 - info: done! module=app:screenshot
2019-09-24 20:19:42.630 - info: 获取参数： {"hostName":"www.haier.com"} module=app:screenshot
2019-09-24 20:19:42.631 - info: 正在获取页面信息.. module=app:screenshot
2019-09-24 20:19:44.544 - info: 开始截图.. module=app:screenshot
2019-09-24 20:19:44.787 - info: 完成截图.. module=app:screenshot
2019-09-24 20:19:44.806 - info: done! module=app:screenshot
2019-09-24 20:19:44.810 - info: 获取参数： {"hostName":"www.haier.com"} module=app:screenshot
2019-09-24 20:19:44.811 - info: 正在获取页面信息.. module=app:screenshot
2019-09-24 20:19:46.753 - info: 开始截图.. module=app:screenshot
2019-09-24 20:19:46.984 - info: 完成截图.. module=app:screenshot
2019-09-24 20:19:46.997 - info: done! module=app:screenshot
2019-09-24 20:19:47.000 - info: 获取参数： {"hostName":"www.haier.com"} module=app:screenshot
2019-09-24 20:19:47.000 - info: 正在获取页面信息.. module=app:screenshot
2019-09-24 20:19:48.895 - info: 开始截图.. module=app:screenshot
2019-09-24 20:19:49.137 - info: 完成截图.. module=app:screenshot
2019-09-24 20:19:49.148 - info: done! module=app:screenshot
2019-09-24 20:19:49.151 - info: 获取参数： {"hostName":"www.haier.com"} module=app:screenshot
2019-09-24 20:19:49.152 - info: 正在获取页面信息.. module=app:screenshot
2019-09-24 20:19:49.324 - info: 获取参数： {"hostName":"www.haier.com"} module=app:screenshot
2019-09-24 20:19:49.325 - info: 正在获取页面信息.. module=app:screenshot
2019-09-24 20:19:52.554 - info: 开始截图.. module=app:screenshot
2019-09-24 20:19:52.801 - info: 完成截图.. module=app:screenshot
2019-09-24 20:19:52.815 - info: done! module=app:screenshot
2019-09-24 20:19:52.830 - info: 获取参数： {"hostName":"www.haier.com"} module=app:screenshot
2019-09-24 20:19:52.830 - info: 正在获取页面信息.. module=app:screenshot
2019-09-24 20:19:54.741 - info: 开始截图.. module=app:screenshot
2019-09-24 20:19:54.986 - info: 完成截图.. module=app:screenshot
2019-09-24 20:19:55.004 - info: done! module=app:screenshot
2019-09-24 20:19:55.009 - info: 获取参数： {"hostName":"www.haier.com"} module=app:screenshot
2019-09-24 20:19:55.010 - info: 正在获取页面信息.. module=app:screenshot
2019-09-24 20:19:56.897 - info: 开始截图.. module=app:screenshot
2019-09-24 20:19:57.134 - info: 完成截图.. module=app:screenshot
2019-09-24 20:19:57.147 - info: done! module=app:screenshot
2019-09-24 20:19:57.150 - info: 获取参数： {"hostName":"www.haier.com"} module=app:screenshot
2019-09-24 20:19:57.151 - info: 正在获取页面信息.. module=app:screenshot
2019-09-24 20:19:59.054 - info: 开始截图.. module=app:screenshot
2019-09-24 20:19:59.297 - info: 完成截图.. module=app:screenshot
2019-09-24 20:19:59.309 - info: done! module=app:screenshot
