2019-09-24 20:19:01.795 - info: App is listening on 3009 module=server:serv
2019-09-24 20:19:01.837 - info: App is listening on 3009 module=server:serv
2019-09-24 20:19:06.825 - info: 接口前置拦截开启 module=server:interceptor
2019-09-24 20:19:07.114 - info: 接口前置拦截开启 module=server:interceptor
2019-09-24 20:19:07.120 - info: 接口前置拦截开启 module=server:interceptor
2019-09-24 20:19:07.121 - warn: No page found and jump to 404 module=server:app
2019-09-24 20:19:07.123 - info: 接口前置拦截开启 module=server:interceptor
2019-09-24 20:19:16.194 - info: 获取参数： {"hostName":"www.haier.com"} module=app:screenshot
2019-09-24 20:19:16.195 - info: 正在获取页面信息.. module=app:screenshot
2019-09-24 20:19:19.532 - info: 开始截图.. module=app:screenshot
2019-09-24 20:19:19.774 - info: 完成截图.. module=app:screenshot
2019-09-24 20:19:19.795 - info: done! module=app:screenshot
2019-09-24 20:19:19.795 - info: 接口前置拦截开启 module=server:interceptor
2019-09-24 20:19:19.800 - info: 获取参数： {"hostName":"www.haier.com"} module=app:screenshot
2019-09-24 20:19:19.801 - info: 正在获取页面信息.. module=app:screenshot
2019-09-24 20:19:21.686 - info: 开始截图.. module=app:screenshot
2019-09-24 20:19:21.955 - info: 完成截图.. module=app:screenshot
2019-09-24 20:19:21.990 - info: done! module=app:screenshot
2019-09-24 20:19:21.991 - info: 接口前置拦截开启 module=server:interceptor
2019-09-24 20:19:21.994 - info: 获取参数： {"hostName":"www.haier.com"} module=app:screenshot
2019-09-24 20:19:21.994 - info: 正在获取页面信息.. module=app:screenshot
2019-09-24 20:19:24.074 - info: 开始截图.. module=app:screenshot
2019-09-24 20:19:24.322 - info: 完成截图.. module=app:screenshot
2019-09-24 20:19:24.335 - info: done! module=app:screenshot
2019-09-24 20:19:24.335 - info: 接口前置拦截开启 module=server:interceptor
2019-09-24 20:19:24.338 - info: 获取参数： {"hostName":"www.haier.com"} module=app:screenshot
2019-09-24 20:19:24.338 - info: 正在获取页面信息.. module=app:screenshot
2019-09-24 20:19:26.234 - info: 开始截图.. module=app:screenshot
2019-09-24 20:19:26.490 - info: 完成截图.. module=app:screenshot
2019-09-24 20:19:26.511 - info: done! module=app:screenshot
2019-09-24 20:19:26.511 - info: 接口前置拦截开启 module=server:interceptor
2019-09-24 20:19:32.267 - info: App is listening on 3009 module=server:serv
2019-09-24 20:19:39.876 - info: 获取参数： {"hostName":"www.haier.com"} module=app:screenshot
2019-09-24 20:19:39.876 - info: 正在获取页面信息.. module=app:screenshot
2019-09-24 20:19:40.366 - info: 获取参数： {"hostName":"www.haier.com"} module=app:screenshot
2019-09-24 20:19:40.367 - info: 正在获取页面信息.. module=app:screenshot
2019-09-24 20:19:41.247 - info: App is listening on 3009 module=server:serv
2019-09-24 20:19:42.362 - info: 开始截图.. module=app:screenshot
2019-09-24 20:19:42.600 - info: 完成截图.. module=app:screenshot
2019-09-24 20:19:42.615 - info: done! module=app:screenshot
2019-09-24 20:19:42.616 - info: 接口前置拦截开启 module=server:interceptor
2019-09-24 20:19:42.630 - info: 获取参数： {"hostName":"www.haier.com"} module=app:screenshot
2019-09-24 20:19:42.631 - info: 正在获取页面信息.. module=app:screenshot
2019-09-24 20:19:44.544 - info: 开始截图.. module=app:screenshot
2019-09-24 20:19:44.787 - info: 完成截图.. module=app:screenshot
2019-09-24 20:19:44.806 - info: done! module=app:screenshot
2019-09-24 20:19:44.808 - info: 接口前置拦截开启 module=server:interceptor
2019-09-24 20:19:44.811 - info: 获取参数： {"hostName":"www.haier.com"} module=app:screenshot
2019-09-24 20:19:44.811 - info: 正在获取页面信息.. module=app:screenshot
2019-09-24 20:19:46.753 - info: 开始截图.. module=app:screenshot
2019-09-24 20:19:46.984 - info: 完成截图.. module=app:screenshot
2019-09-24 20:19:46.997 - info: done! module=app:screenshot
2019-09-24 20:19:46.997 - info: 接口前置拦截开启 module=server:interceptor
2019-09-24 20:19:47.000 - info: 获取参数： {"hostName":"www.haier.com"} module=app:screenshot
2019-09-24 20:19:47.000 - info: 正在获取页面信息.. module=app:screenshot
2019-09-24 20:19:48.895 - info: 开始截图.. module=app:screenshot
2019-09-24 20:19:49.137 - info: 完成截图.. module=app:screenshot
2019-09-24 20:19:49.149 - info: done! module=app:screenshot
2019-09-24 20:19:49.149 - info: 接口前置拦截开启 module=server:interceptor
2019-09-24 20:19:49.152 - info: 获取参数： {"hostName":"www.haier.com"} module=app:screenshot
2019-09-24 20:19:49.152 - info: 正在获取页面信息.. module=app:screenshot
2019-09-24 20:19:49.324 - info: 获取参数： {"hostName":"www.haier.com"} module=app:screenshot
2019-09-24 20:19:49.325 - info: 正在获取页面信息.. module=app:screenshot
2019-09-24 20:19:52.554 - info: 开始截图.. module=app:screenshot
2019-09-24 20:19:52.801 - info: 完成截图.. module=app:screenshot
2019-09-24 20:19:52.816 - info: done! module=app:screenshot
2019-09-24 20:19:52.816 - info: 接口前置拦截开启 module=server:interceptor
2019-09-24 20:19:52.830 - info: 获取参数： {"hostName":"www.haier.com"} module=app:screenshot
2019-09-24 20:19:52.830 - info: 正在获取页面信息.. module=app:screenshot
2019-09-24 20:19:54.741 - info: 开始截图.. module=app:screenshot
2019-09-24 20:19:54.986 - info: 完成截图.. module=app:screenshot
2019-09-24 20:19:55.005 - info: done! module=app:screenshot
2019-09-24 20:19:55.006 - info: 接口前置拦截开启 module=server:interceptor
2019-09-24 20:19:55.009 - info: 获取参数： {"hostName":"www.haier.com"} module=app:screenshot
2019-09-24 20:19:55.010 - info: 正在获取页面信息.. module=app:screenshot
2019-09-24 20:19:56.897 - info: 开始截图.. module=app:screenshot
2019-09-24 20:19:57.134 - info: 完成截图.. module=app:screenshot
2019-09-24 20:19:57.147 - info: done! module=app:screenshot
2019-09-24 20:19:57.148 - info: 接口前置拦截开启 module=server:interceptor
2019-09-24 20:19:57.150 - info: 获取参数： {"hostName":"www.haier.com"} module=app:screenshot
2019-09-24 20:19:57.151 - info: 正在获取页面信息.. module=app:screenshot
2019-09-24 20:19:59.055 - info: 开始截图.. module=app:screenshot
2019-09-24 20:19:59.298 - info: 完成截图.. module=app:screenshot
2019-09-24 20:19:59.309 - info: done! module=app:screenshot
2019-09-24 20:19:59.309 - info: 接口前置拦截开启 module=server:interceptor
2019-09-24 20:20:02.173 - info: App is listening on 3009 module=server:serv
2019-09-24 20:20:10.844 - info: App is listening on 3009 module=server:serv
2019-09-24 20:20:32.118 - info: App is listening on 3009 module=server:serv
2019-09-24 20:20:40.821 - info: App is listening on 3009 module=server:serv
2019-09-24 20:21:02.186 - info: App is listening on 3009 module=server:serv
